\BOOKMARK [2][-]{subsection.0.1}{\376\377\154\350\141\017\116\213\230\171\377\010\213\367\116\324\176\306\226\005\213\373\377\011}{}% 1
\BOOKMARK [1][-]{section.1}{\376\377\154\137\123\127\156\070\377\010\000j\000o\000u\000r\000n\000e\000y\377\011}{}% 2
\BOOKMARK [2][-]{subsection.1.1}{\376\377\230\230\166\356\143\317\217\360}{section.1}% 3
\BOOKMARK [2][-]{subsection.1.2}{\376\377\217\223\121\145\150\074\137\017}{section.1}% 4
\BOOKMARK [2][-]{subsection.1.3}{\376\377\217\223\121\372\150\074\137\017}{section.1}% 5
\BOOKMARK [2][-]{subsection.1.4}{\376\377\150\067\117\213\0001\217\223\121\145}{section.1}% 6
\BOOKMARK [2][-]{subsection.1.5}{\376\377\150\067\117\213\0001\217\223\121\372}{section.1}% 7
\BOOKMARK [2][-]{subsection.1.6}{\376\377\150\067\117\213\0001\211\343\221\312}{section.1}% 8
\BOOKMARK [2][-]{subsection.1.7}{\376\377\150\067\117\213\0002\217\223\121\145}{section.1}% 9
\BOOKMARK [2][-]{subsection.1.8}{\376\377\150\067\117\213\0002\217\223\121\372}{section.1}% 10
\BOOKMARK [2][-]{subsection.1.9}{\376\377\150\067\117\213\0002\211\343\221\312}{section.1}% 11
\BOOKMARK [2][-]{subsection.1.10}{\376\377\150\067\117\213\0003\217\223\121\145}{section.1}% 12
\BOOKMARK [2][-]{subsection.1.11}{\376\377\150\067\117\213\0003\217\223\121\372}{section.1}% 13
\BOOKMARK [2][-]{subsection.1.12}{\376\377\150\067\117\213\0003\211\343\221\312}{section.1}% 14
\BOOKMARK [2][-]{subsection.1.13}{\376\377\155\113\213\325\160\271\176\246\147\137}{section.1}% 15
\BOOKMARK [1][-]{section.2}{\376\377\162\320\162\370\116\016\204\153\202\246\377\010\000f\000o\000x\377\011}{}% 16
\BOOKMARK [2][-]{subsection.2.1}{\376\377\230\230\166\356\143\317\217\360}{section.2}% 17
\BOOKMARK [2][-]{subsection.2.2}{\376\377\217\223\121\145\150\074\137\017}{section.2}% 18
\BOOKMARK [2][-]{subsection.2.3}{\376\377\217\223\121\372\150\074\137\017}{section.2}% 19
\BOOKMARK [2][-]{subsection.2.4}{\376\377\150\067\117\213\0001\217\223\121\145}{section.2}% 20
\BOOKMARK [2][-]{subsection.2.5}{\376\377\150\067\117\213\0001\217\223\121\372}{section.2}% 21
\BOOKMARK [2][-]{subsection.2.6}{\376\377\150\067\117\213\0001\211\343\221\312}{section.2}% 22
\BOOKMARK [2][-]{subsection.2.7}{\376\377\150\067\117\213\0002}{section.2}% 23
\BOOKMARK [2][-]{subsection.2.8}{\376\377\150\067\117\213\0003}{section.2}% 24
\BOOKMARK [2][-]{subsection.2.9}{\376\377\150\067\117\213\0004}{section.2}% 25
\BOOKMARK [2][-]{subsection.2.10}{\376\377\155\113\213\325\160\271\176\246\147\137}{section.2}% 26
\BOOKMARK [1][-]{section.3}{\376\377\116\224\137\151\215\357\377\010\000r\000o\000a\000d\377\011}{}% 27
\BOOKMARK [2][-]{subsection.3.1}{\376\377\230\230\166\356\143\317\217\360}{section.3}% 28
\BOOKMARK [2][-]{subsection.3.2}{\376\377\217\223\121\145\150\074\137\017}{section.3}% 29
\BOOKMARK [2][-]{subsection.3.3}{\376\377\217\223\121\372\150\074\137\017}{section.3}% 30
\BOOKMARK [2][-]{subsection.3.4}{\376\377\150\067\117\213\0001\217\223\121\145}{section.3}% 31
\BOOKMARK [2][-]{subsection.3.5}{\376\377\150\067\117\213\0001\217\223\121\372}{section.3}% 32
\BOOKMARK [2][-]{subsection.3.6}{\376\377\155\113\213\325\160\271\176\246\147\137}{section.3}% 33
\BOOKMARK [1][-]{section.4}{\376\377\147\052\147\145\217\150\217\371\166\204\121\154\121\161\220\350\122\006\377\010\000L\000C\000S\377\011}{}% 34
\BOOKMARK [2][-]{subsection.4.1}{\376\377\230\230\166\356\143\317\217\360}{section.4}% 35
\BOOKMARK [2][-]{subsection.4.2}{\376\377\217\223\121\145\150\074\137\017}{section.4}% 36
\BOOKMARK [2][-]{subsection.4.3}{\376\377\217\223\121\372\150\074\137\017}{section.4}% 37
\BOOKMARK [2][-]{subsection.4.4}{\376\377\150\067\117\213\0001\217\223\121\145}{section.4}% 38
\BOOKMARK [2][-]{subsection.4.5}{\376\377\150\067\117\213\0001\217\223\121\372}{section.4}% 39
\BOOKMARK [2][-]{subsection.4.6}{\376\377\150\067\117\213\0001\211\343\221\312}{section.4}% 40
\BOOKMARK [2][-]{subsection.4.7}{\376\377\155\113\213\325\160\271\176\246\147\137}{section.4}% 41
